gl_rmisc.c(78): Error! E1011: Symbol 'particletexture' has not been declared
gl_rmisc.c(78): Error! E1011: Symbol 'texture_extension_number' has not been declared
gl_rmisc.c(79): Warning! W131: No prototype found for function 'GL_Bind'
gl_rmisc.c(91): Warning! W131: No prototype found for function 'glTexImage2D'
gl_rmisc.c(91): Error! E1011: Symbol 'GL_TEXTURE_2D' has not been declared
gl_rmisc.c(91): Error! E1011: Symbol 'gl_alpha_format' has not been declared
gl_rmisc.c(91): Error! E1011: Symbol 'GL_RGBA' has not been declared
gl_rmisc.c(91): Error! E1011: Symbol 'GL_UNSIGNED_BYTE' has not been declared
gl_rmisc.c(93): Warning! W131: No prototype found for function 'glTexEnvf'
gl_rmisc.c(93): Error! E1011: Symbol 'GL_TEXTURE_ENV' has not been declared
gl_rmisc.c(93): Error! E1011: Symbol 'GL_TEXTURE_ENV_MODE' has not been declared
gl_rmisc.c(93): Error! E1011: Symbol 'GL_MODULATE' has not been declared
gl_rmisc.c(95): Warning! W131: No prototype found for function 'glTexParameterf'
gl_rmisc.c(95): Error! E1011: Symbol 'GL_TEXTURE_MIN_FILTER' has not been declared
gl_rmisc.c(95): Error! E1011: Symbol 'GL_LINEAR' has not been declared
gl_rmisc.c(96): Error! E1011: Symbol 'GL_TEXTURE_MAG_FILTER' has not been declared
gl_rmisc.c(111): Warning! W131: No prototype found for function 'glDrawBuffer'
gl_rmisc.c(111): Error! E1011: Symbol 'GL_FRONT' has not been declared
gl_rmisc.c(112): Warning! W131: No prototype found for function 'glReadBuffer'
gl_rmisc.c(113): Error! E1011: Symbol 'envmap' has not been declared
gl_rmisc.c(123): Warning! W131: No prototype found for function 'GL_BeginRendering'
gl_rmisc.c(123): Error! E1011: Symbol 'glx' has not been declared
gl_rmisc.c(123): Error! E1011: Symbol 'gly' has not been declared
gl_rmisc.c(123): Error! E1011: Symbol 'glwidth' has not been declared
gl_rmisc.c(123): Error! E1011: Symbol 'glheight' has not been declared
gl_rmisc.c(125): Warning! W131: No prototype found for function 'glReadPixels'
gl_rmisc.c(125): Error! E1011: Symbol 'GL_RGBA' has not been declared
gl_rmisc.c(125): Error! E1011: Symbol 'GL_UNSIGNED_BYTE' has not been declared
gl_rmisc.c(161): Error! E1147: Too many errors: compilation aborted
