gl_rmain.c(124): Warning! W131: No prototype found for function 'glTranslatef'
gl_rmain.c(126): Warning! W131: No prototype found for function 'glRotatef'
gl_rmain.c(222): Warning! W131: No prototype found for function 'glColor3f'
gl_rmain.c(224): Warning! W131: No prototype found for function 'GL_DisableMultitexture'
gl_rmain.c(226): Warning! W131: No prototype found for function 'GL_Bind'
gl_rmain.c(226): Error! E1031: Name 'gl_texturenum' not found in struct/union mspriteframe_s
gl_rmain.c(228): Warning! W131: No prototype found for function 'glEnable'
gl_rmain.c(228): Error! E1011: Symbol 'GL_ALPHA_TEST' has not been declared
gl_rmain.c(229): Warning! W131: No prototype found for function 'glBegin'
gl_rmain.c(229): Error! E1011: Symbol 'GL_QUADS' has not been declared
gl_rmain.c(231): Warning! W131: No prototype found for function 'glTexCoord2f'
gl_rmain.c(234): Warning! W131: No prototype found for function 'glVertex3fv'
gl_rmain.c(251): Warning! W131: No prototype found for function 'glEnd'
gl_rmain.c(253): Warning! W131: No prototype found for function 'glDisable'
gl_rmain.c(304): Error! E1031: Name 'posedata' not found in struct/union 
gl_rmain.c(305): Error! E1031: Name 'poseverts' not found in struct/union 
gl_rmain.c(306): Error! E1031: Name 'commands' not found in struct/union 
gl_rmain.c(317): Error! E1011: Symbol 'GL_TRIANGLE_FAN' has not been declared
gl_rmain.c(320): Error! E1011: Symbol 'GL_TRIANGLE_STRIP' has not been declared
gl_rmain.c(331): Warning! W131: No prototype found for function 'glVertex3f'
gl_rmain.c(363): Error! E1031: Name 'posedata' not found in struct/union 
gl_rmain.c(364): Error! E1031: Name 'poseverts' not found in struct/union 
gl_rmain.c(365): Error! E1031: Name 'commands' not found in struct/union 
gl_rmain.c(378): Error! E1011: Symbol 'GL_TRIANGLE_FAN' has not been declared
gl_rmain.c(381): Error! E1011: Symbol 'GL_TRIANGLE_STRIP' has not been declared
gl_rmain.c(390): Error! E1031: Name 'scale' not found in struct/union 
gl_rmain.c(390): Error! E1031: Name 'scale_origin' not found in struct/union 
gl_rmain.c(391): Error! E1031: Name 'scale' not found in struct/union 
gl_rmain.c(391): Error! E1031: Name 'scale_origin' not found in struct/union 
gl_rmain.c(392): Error! E1031: Name 'scale' not found in struct/union 
gl_rmain.c(392): Error! E1031: Name 'scale_origin' not found in struct/union 
gl_rmain.c(420): Error! E1031: Name 'numframes' not found in struct/union 
gl_rmain.c(426): Error! E1147: Too many errors: compilation aborted
