gl_rsurf.c(47): Error! E1022: Missing or misspelled data type near 'glpoly_t'
gl_rsurf.c(47): Warning! W132: No storage class or type specified
gl_rsurf.c(149): Error! E1031: Name 'cached_dlight' not found in struct/union msurface_s
gl_rsurf.c(157): Error! E1011: Symbol 'r_fullbright' has not been declared
gl_rsurf.c(157): Error! E1032: Expression for '.' must be a 'structure' or 'union'
gl_rsurf.c(173): Error! E1011: Symbol 'd_lightstylevalue' has not been declared
gl_rsurf.c(173): Error! E1045: Subscript on non-array
gl_rsurf.c(174): Error! E1031: Name 'cached_light' not found in struct/union msurface_s
gl_rsurf.c(186): Error! E1011: Symbol 'gl_lightmap_format' has not been declared
gl_rsurf.c(188): Error! E1011: Symbol 'GL_RGBA' has not been declared
gl_rsurf.c(188): Error! E1054: Expression must be constant
gl_rsurf.c(204): Error! E1011: Symbol 'GL_ALPHA' has not been declared
gl_rsurf.c(204): Error! E1054: Expression must be constant
gl_rsurf.c(205): Error! E1011: Symbol 'GL_LUMINANCE' has not been declared
gl_rsurf.c(205): Error! E1054: Expression must be constant
gl_rsurf.c(206): Error! E1011: Symbol 'GL_INTENSITY' has not been declared
gl_rsurf.c(206): Error! E1054: Expression must be constant
gl_rsurf.c(238): Error! E1011: Symbol 'currententity' has not been declared
gl_rsurf.c(238): Error! E1033: Expression for '->' must be 'pointer to struct or union'
gl_rsurf.c(276): Error! E1009: Expecting ',' but found '*'
gl_rsurf.c(276): Error! E1116: An id list not allowed except for function definition
gl_rsurf.c(277): Error! E1147: Too many errors: compilation aborted
