gl_warp.c(64): Error! E1011: Symbol 'glpoly_t' has not been declared
gl_warp.c(64): Error! E1011: Symbol 'poly' has not been declared
gl_warp.c(64): Warning! W111: Meaningless use of an expression
gl_warp.c(65): Error! E1077: Missing '}'
gl_warp.c(67): Error! E1099: Statement must be inside function. Probable cause: missing {
gl_warp.c(196): Error! E1011: Symbol 'glpoly_t' has not been declared
gl_warp.c(196): Error! E1011: Symbol 'p' has not been declared
gl_warp.c(196): Warning! W111: Meaningless use of an expression
gl_warp.c(197): Error! E1077: Missing '}'
gl_warp.c(202): Error! E1099: Statement must be inside function. Probable cause: missing {
gl_warp.c(233): Error! E1011: Symbol 'glpoly_t' has not been declared
gl_warp.c(233): Error! E1011: Symbol 'p' has not been declared
gl_warp.c(233): Warning! W111: Meaningless use of an expression
gl_warp.c(234): Error! E1077: Missing '}'
gl_warp.c(240): Error! E1099: Statement must be inside function. Probable cause: missing {
gl_warp.c(280): Warning! W131: No prototype found for function 'GL_DisableMultitexture'
gl_warp.c(282): Warning! W131: No prototype found for function 'GL_Bind'
gl_warp.c(288): Warning! W131: No prototype found for function 'glEnable'
gl_warp.c(288): Error! E1011: Symbol 'GL_BLEND' has not been declared
gl_warp.c(295): Warning! W131: No prototype found for function 'glDisable'
gl_warp.c(315): Error! E1031: Name 'texturechain' not found in struct/union msurface_s
gl_warp.c(318): Error! E1011: Symbol 'GL_BLEND' has not been declared
gl_warp.c(323): Error! E1031: Name 'texturechain' not found in struct/union msurface_s
gl_warp.c(1068): Error! E1011: Symbol 'texture_extension_number' has not been declared
gl_warp.c(1070): Warning! W131: No prototype found for function 'glTexImage2D'
gl_warp.c(1070): Error! E1011: Symbol 'GL_TEXTURE_2D' has not been declared
gl_warp.c(1070): Error! E1011: Symbol 'gl_solid_format' has not been declared
gl_warp.c(1070): Error! E1011: Symbol 'GL_RGBA' has not been declared
gl_warp.c(1070): Error! E1147: Too many errors: compilation aborted
