in_win.c(23): Error! E1055: Unable to open 'dinput.h'
winquake.h(24): Error! E1055: Unable to open 'windows.h'
winquake.h(28): Error! E1055: Unable to open 'ddraw.h'
winquake.h(29): Error! E1055: Unable to open 'dsound.h'
winquake.h(31): Error! E1055: Unable to open 'mgraph.h'
winquake.h(35): Error! E1022: Missing or misspelled data type near 'HINSTANCE'
winquake.h(40): Error! E1022: Missing or misspelled data type near 'LPDIRECTDRAW'
winquake.h(42): Error! E1022: Missing or misspelled data type near 'LPDIRECTDRAWSURFACE'
winquake.h(43): Error! E1022: Missing or misspelled data type near 'LPDIRECTDRAWSURFACE'
winquake.h(44): Error! E1022: Missing or misspelled data type near 'LPDIRECTDRAWSURFACE'
winquake.h(45): Error! E1022: Missing or misspelled data type near 'LPDIRECTDRAWPALETTE'
winquake.h(46): Error! E1022: Missing or misspelled data type near 'LPDIRECTSOUND'
winquake.h(47): Error! E1022: Missing or misspelled data type near 'LPDIRECTSOUNDBUFFER'
winquake.h(49): Error! E1022: Missing or misspelled data type near 'DWORD'
winquake.h(61): Error! E1022: Missing or misspelled data type near 'HWND'
winquake.h(82): Error! E1022: Missing or misspelled data type near 'RECT'
winquake.h(85): Error! E1022: Missing or misspelled data type near 'HWND'
winquake.h(87): Error! E1022: Missing or misspelled data type near 'HANDLE'
winquake.h(90): Error! E1009: Expecting ',' but found 'hWndCenter'
winquake.h(90): Error! E1116: An id list not allowed except for function definition
winquake.h(97): Error! E1147: Too many errors: compilation aborted
