net_dgrm.c(27): Error! E1055: Unable to open 'windows.h'
net_dgrm.c(130): Error! E1031: Name 's_addr' not found in struct/union in_addr
net_dgrm.c(132): Warning! W131: No prototype found for function 'inet_ntoa'
net_dgrm.c(132): Error! E1113: Expression has incomplete type
net_dgrm.c(132): Note! I2003: source conversion type is 'struct in_addr'
net_dgrm.c(132): Note! I2002: 'inet_ntoa' defined in: net_dgrm.c(132)
net_dgrm.c(132): Warning! W102: Parameter 2: Type mismatch (warning)
net_dgrm.c(132): Note! I2003: source conversion type is 'int'
net_dgrm.c(132): Note! I2004: target conversion type is 'char *'
net_dgrm.c(132): Note! I2002: 'Q_strcpy' defined in: common.h(127)
net_dgrm.c(133): Error! E1113: Expression has incomplete type
net_dgrm.c(133): Note! I2003: source conversion type is 'struct in_addr'
net_dgrm.c(133): Note! I2002: 'inet_ntoa' defined in: net_dgrm.c(132)
net_dgrm.c(133): Warning! W102: Parameter 2: Type mismatch (warning)
net_dgrm.c(133): Note! I2003: source conversion type is 'int'
net_dgrm.c(133): Note! I2004: target conversion type is 'char *'
net_dgrm.c(133): Note! I2002: 'Q_strcpy' defined in: common.h(127)
net_dgrm.c(144): Warning! W131: No prototype found for function 'inet_addr'
net_dgrm.c(989): Error! E1011: Symbol 'AF_INET' has not been declared
net_dgrm.c(992): Error! E1031: Name 'sin_addr' not found in struct/union sockaddr_in
