net_comx.c(23): Error! E1055: Unable to open 'dpmi.h'
net_comx.c(38): Error! E1009: Expecting ',' or ';' but found 'data'
net_comx.c(46): Error! E1022: Missing or misspelled data type near 'cvar_t'
net_comx.c(47): Error! E1022: Missing or misspelled data type near 'cvar_t'
net_comx.c(48): Error! E1022: Missing or misspelled data type near 'cvar_t'
net_comx.c(49): Error! E1022: Missing or misspelled data type near 'cvar_t'
net_comx.c(50): Error! E1022: Missing or misspelled data type near 'cvar_t'
net_comx.c(51): Error! E1022: Missing or misspelled data type near 'cvar_t'
net_comx.c(52): Error! E1022: Missing or misspelled data type near 'cvar_t'
net_comx.c(53): Error! E1022: Missing or misspelled data type near 'cvar_t'
net_comx.c(57): Error! E1022: Missing or misspelled data type near 'qboolean'
net_comx.c(136): Error! E1022: Missing or misspelled data type near '_go32_dpmi_seginfo'
net_comx.c(137): Error! E1022: Missing or misspelled data type near '_go32_dpmi_seginfo'
net_comx.c(139): Error! E1009: Expecting ',' or ';' but found 'modemStatus'
net_comx.c(140): Error! E1022: Missing or misspelled data type near 'byte'
net_comx.c(141): Error! E1022: Missing or misspelled data type near 'byte'
net_comx.c(142): Error! E1022: Missing or misspelled data type near 'byte'
net_comx.c(143): Error! E1022: Missing or misspelled data type near 'qboolean'
net_comx.c(144): Error! E1009: Expecting ',' or ';' but found 'statusUpdated'
net_comx.c(145): Error! E1022: Missing or misspelled data type near 'qboolean'
net_comx.c(146): Error! E1147: Too many errors: compilation aborted
