net_udp.c(25): Error! E1055: Unable to open 'sys/socket.h'
net_udp.c(26): Error! E1055: Unable to open 'netinet/in.h'
net_udp.c(27): Error! E1055: Unable to open 'netdb.h'
net_udp.c(28): Error! E1055: Unable to open 'sys/param.h'
net_udp.c(29): Error! E1055: Unable to open 'sys/ioctl.h'
net_udp.c(59): Error! E1011: Symbol 'MAXHOSTNAMELEN' has not been declared
net_udp.c(59): Error! E1054: Expression must be constant
net_udp.c(68): Warning! W131: No prototype found for function 'gethostbyname'
net_udp.c(68): Warning! W102: Type mismatch (warning)
net_udp.c(68): Note! I2003: source conversion type is 'int'
net_udp.c(68): Note! I2004: target conversion type is 'struct hostent *'
net_udp.c(69): Error! E1031: Name 'h_addr_list' not found in struct/union hostent
net_udp.c(81): Error! E1031: Name 'sin_family' not found in struct/union sockaddr_in
net_udp.c(81): Error! E1011: Symbol 'AF_INET' has not been declared
net_udp.c(82): Error! E1031: Name 'sin_addr' not found in struct/union sockaddr_in
net_udp.c(82): Error! E1011: Symbol 'INADDR_BROADCAST' has not been declared
net_udp.c(83): Error! E1031: Name 'sin_port' not found in struct/union sockaddr_in
net_udp.c(83): Warning! W131: No prototype found for function 'htons'
net_udp.c(134): Warning! W131: No prototype found for function 'socket'
net_udp.c(134): Error! E1011: Symbol 'PF_INET' has not been declared
net_udp.c(134): Error! E1011: Symbol 'SOCK_DGRAM' has not been declared
net_udp.c(134): Error! E1011: Symbol 'IPPROTO_UDP' has not been declared
net_udp.c(137): Warning! W131: No prototype found for function 'ioctl'
net_udp.c(137): Error! E1011: Symbol 'FIONBIO' has not been declared
net_udp.c(140): Error! E1031: Name 'sin_family' not found in struct/union sockaddr_in
net_udp.c(140): Error! E1011: Symbol 'AF_INET' has not been declared
net_udp.c(141): Error! E1031: Name 'sin_addr' not found in struct/union sockaddr_in
net_udp.c(141): Error! E1147: Too many errors: compilation aborted
