vid_sunxil.c(29): Error! E1055: Unable to open 'thread.h'
vid_sunxil.c(35): Error! E1055: Unable to open 'sys/ipc.h'
vid_sunxil.c(36): Error! E1055: Unable to open 'sys/shm.h'
vid_sunxil.c(37): Error! E1055: Unable to open 'X11/Xlib.h'
vid_sunxil.c(38): Error! E1055: Unable to open 'X11/Xutil.h'
vid_sunxil.c(39): Error! E1055: Unable to open 'X11/Xatom.h'
vid_sunxil.c(40): Error! E1055: Unable to open 'X11/keysym.h'
vid_sunxil.c(41): Error! E1055: Unable to open 'xil/xil.h'
common.h(38): Error! E1022: Missing or misspelled data type near 'byte'
common.h(175): Error! E1022: Missing or misspelled data type near 'byte'
common.h(176): Error! E1022: Missing or misspelled data type near 'byte'
common.h(177): Error! E1022: Missing or misspelled data type near 'byte'
bspfile.h(198): Error! E1022: Missing or misspelled data type near 'byte'
bspfile.h(224): Error! E1022: Missing or misspelled data type near 'byte'
vid.h(26): Error! E1022: Missing or misspelled data type near 'byte'
wad.h(42): Error! E1022: Missing or misspelled data type near 'byte'
wad.h(67): Error! E1022: Missing or misspelled data type near 'byte'
draw.h(31): Error! E1127: Type required in parameter list
draw.h(31): Error! E1022: Missing or misspelled data type near 'byte'
net.h(139): Error! E1022: Missing or misspelled data type near 'byte'
net.h(144): Error! E1147: Too many errors: compilation aborted
